<?xml version="1.0" encoding="UTF-8"?>
<!-- Generated by org.testng.reporters.JUnitXMLReporter -->
<testsuite ignored="8" hostname="CLIENT-PC" failures="0" tests="5" name="Test_Chrome" time="120.356" errors="0" timestamp="2021-09-15T15:22:28 EDT">
  <testcase classname="com.crm.autodesk.pom.TC_53_SearchLeadByClickingOnFaxTest" name="SearchLeadByClickingOnFax" time="14.207"/>
  <testcase classname="com.crm.autodesk.pom.TC_52_SearchLeadByClickingOnCreateTimeTestTestNG" name="SearchLeadByClickingOnCreateTime" time="13.294"/>
  <testcase classname="com.crm.autodesk.pom.TC_55_SearchLeadByClickingOnLeadSourceTest" name="SearchLeadByClickingOnLeadNo" time="13.583"/>
  <testcase classname="com.crm.autodesk.pom.TC_51_SearchLeadByClickingOnAnnualRevenueTestTestNG" name="SearchLeadByClickingOnAnnualRevenue" time="13.44"/>
  <testcase classname="com.crm.autodesk.pom.TC_54_SearchLeadByClickingOnLeadNoTest" name="SearchLeadByClickingOnLeadNo" time="13.597"/>
  <testcase classname="com.crm.autodesk.GenericLibraries.BaseClass" name="@AfterSuite closeDB" time="0.0">
    <ignored/>
  </testcase> <!-- @AfterSuite closeDB -->
  <testcase classname="com.crm.autodesk.GenericLibraries.BaseClass" name="@AfterSuite closeDB" time="0.0">
    <ignored/>
  </testcase> <!-- @AfterSuite closeDB -->
  <testcase classname="com.crm.autodesk.GenericLibraries.BaseClass" name="@AfterSuite closeDB" time="0.0">
    <ignored/>
  </testcase> <!-- @AfterSuite closeDB -->
  <testcase classname="com.crm.autodesk.GenericLibraries.BaseClass" name="@AfterSuite closeDB" time="0.0">
    <ignored/>
  </testcase> <!-- @AfterSuite closeDB -->
  <testcase classname="com.crm.autodesk.GenericLibraries.BaseClass" name="@BeforeSuite ConnecttoDB" time="0.0">
    <ignored/>
  </testcase> <!-- @BeforeSuite ConnecttoDB -->
  <testcase classname="com.crm.autodesk.GenericLibraries.BaseClass" name="@BeforeSuite ConnecttoDB" time="0.0">
    <ignored/>
  </testcase> <!-- @BeforeSuite ConnecttoDB -->
  <testcase classname="com.crm.autodesk.GenericLibraries.BaseClass" name="@BeforeSuite ConnecttoDB" time="0.0">
    <ignored/>
  </testcase> <!-- @BeforeSuite ConnecttoDB -->
  <testcase classname="com.crm.autodesk.GenericLibraries.BaseClass" name="@BeforeSuite ConnecttoDB" time="0.0">
    <ignored/>
  </testcase> <!-- @BeforeSuite ConnecttoDB -->
</testsuite> <!-- Test_Chrome -->
