<?xml version="1.0" encoding="UTF-8"?>
<!-- Generated by org.testng.reporters.JUnitXMLReporter -->
<testsuite ignored="8" hostname="CLIENT-PC" failures="0" tests="5" name="Test_2" time="154.563" errors="0" timestamp="2021-09-15T13:10:10 EDT">
  <testcase classname="com.crm.autodesk.pom.TC_53_SearchLeadByClickingOnFaxTest" name="SearchLeadByClickingOnFax" time="15.573"/>
  <testcase classname="com.crm.autodesk.pom.TC_52_SearchLeadByClickingOnCreateTimeTestTestNG" name="SearchLeadByClickingOnCreateTime" time="14.281"/>
  <testcase classname="com.crm.autodesk.pom.TC_55_SearchLeadByClickingOnLeadSourceTest" name="SearchLeadByClickingOnLeadNo" time="14.148"/>
  <testcase classname="com.crm.autodesk.pom.TC_51_SearchLeadByClickingOnAnnualRevenueTestTestNG" name="SearchLeadByClickingOnAnnualRevenue" time="19.23"/>
  <testcase classname="com.crm.autodesk.pom.TC_54_SearchLeadByClickingOnLeadNoTest" name="SearchLeadByClickingOnLeadNo" time="14.98"/>
  <testcase classname="com.crm.autodesk.GenericLibraries.BaseClass" name="@AfterSuite closeDB" time="0.0">
    <ignored/>
  </testcase> <!-- @AfterSuite closeDB -->
  <testcase classname="com.crm.autodesk.GenericLibraries.BaseClass" name="@AfterSuite closeDB" time="0.0">
    <ignored/>
  </testcase> <!-- @AfterSuite closeDB -->
  <testcase classname="com.crm.autodesk.GenericLibraries.BaseClass" name="@AfterSuite closeDB" time="0.0">
    <ignored/>
  </testcase> <!-- @AfterSuite closeDB -->
  <testcase classname="com.crm.autodesk.GenericLibraries.BaseClass" name="@AfterSuite closeDB" time="0.0">
    <ignored/>
  </testcase> <!-- @AfterSuite closeDB -->
  <testcase classname="com.crm.autodesk.GenericLibraries.BaseClass" name="@BeforeSuite ConnecttoDB" time="0.0">
    <ignored/>
  </testcase> <!-- @BeforeSuite ConnecttoDB -->
  <testcase classname="com.crm.autodesk.GenericLibraries.BaseClass" name="@BeforeSuite ConnecttoDB" time="0.0">
    <ignored/>
  </testcase> <!-- @BeforeSuite ConnecttoDB -->
  <testcase classname="com.crm.autodesk.GenericLibraries.BaseClass" name="@BeforeSuite ConnecttoDB" time="0.0">
    <ignored/>
  </testcase> <!-- @BeforeSuite ConnecttoDB -->
  <testcase classname="com.crm.autodesk.GenericLibraries.BaseClass" name="@BeforeSuite ConnecttoDB" time="0.0">
    <ignored/>
  </testcase> <!-- @BeforeSuite ConnecttoDB -->
</testsuite> <!-- Test_2 -->
