<?xml version="1.0" encoding="UTF-8"?>
<testng-results ignored="0" total="1" passed="1" failed="0" skipped="0">
  <reporter-output>
  </reporter-output>
  <suite started-at="2021-09-20T07:25:40 EDT" name="Default suite" finished-at="2021-09-20T07:26:03 EDT" duration-ms="22405">
    <groups>
    </groups>
    <test started-at="2021-09-20T07:25:40 EDT" name="Default test" finished-at="2021-09-20T07:26:03 EDT" duration-ms="22405">
      <class name="com.crm.autodesk.pom.TC_51_SearchLeadByClickingOnAnnualRevenueTestTestNG">
        <test-method is-config="true" signature="ConnecttoDB()[pri:0, instance:com.crm.autodesk.pom.TC_51_SearchLeadByClickingOnAnnualRevenueTestTestNG@662b4c69]" started-at="2021-09-20T07:25:40 EDT" name="ConnecttoDB" finished-at="2021-09-20T07:25:40 EDT" duration-ms="9" status="PASS">
          <reporter-output>
          </reporter-output>
        </test-method> <!-- ConnecttoDB -->
        <test-method is-config="true" signature="LaunchBrowser()[pri:0, instance:com.crm.autodesk.pom.TC_51_SearchLeadByClickingOnAnnualRevenueTestTestNG@662b4c69]" started-at="2021-09-20T07:25:40 EDT" name="LaunchBrowser" finished-at="2021-09-20T07:25:45 EDT" duration-ms="4408" status="PASS">
          <reporter-output>
          </reporter-output>
        </test-method> <!-- LaunchBrowser -->
        <test-method is-config="true" signature="loginToAPP()[pri:0, instance:com.crm.autodesk.pom.TC_51_SearchLeadByClickingOnAnnualRevenueTestTestNG@662b4c69]" started-at="2021-09-20T07:25:45 EDT" name="loginToAPP" finished-at="2021-09-20T07:25:47 EDT" duration-ms="2410" status="PASS">
          <reporter-output>
          </reporter-output>
        </test-method> <!-- loginToAPP -->
        <test-method signature="SearchLeadByClickingOnAnnualRevenue()[pri:0, instance:com.crm.autodesk.pom.TC_51_SearchLeadByClickingOnAnnualRevenueTestTestNG@662b4c69]" started-at="2021-09-20T07:25:47 EDT" name="SearchLeadByClickingOnAnnualRevenue" finished-at="2021-09-20T07:26:01 EDT" duration-ms="13504" status="PASS">
          <reporter-output>
          </reporter-output>
        </test-method> <!-- SearchLeadByClickingOnAnnualRevenue -->
        <test-method is-config="true" signature="logoutOfApp()[pri:0, instance:com.crm.autodesk.pom.TC_51_SearchLeadByClickingOnAnnualRevenueTestTestNG@662b4c69]" started-at="2021-09-20T07:26:01 EDT" name="logoutOfApp" finished-at="2021-09-20T07:26:02 EDT" duration-ms="1686" status="PASS">
          <reporter-output>
          </reporter-output>
        </test-method> <!-- logoutOfApp -->
        <test-method is-config="true" signature="closeBrowser()[pri:0, instance:com.crm.autodesk.pom.TC_51_SearchLeadByClickingOnAnnualRevenueTestTestNG@662b4c69]" started-at="2021-09-20T07:26:02 EDT" name="closeBrowser" finished-at="2021-09-20T07:26:03 EDT" duration-ms="331" status="PASS">
          <reporter-output>
          </reporter-output>
        </test-method> <!-- closeBrowser -->
        <test-method is-config="true" signature="closeDB()[pri:0, instance:com.crm.autodesk.pom.TC_51_SearchLeadByClickingOnAnnualRevenueTestTestNG@662b4c69]" started-at="2021-09-20T07:26:03 EDT" name="closeDB" finished-at="2021-09-20T07:26:03 EDT" duration-ms="1" status="PASS">
          <reporter-output>
          </reporter-output>
        </test-method> <!-- closeDB -->
      </class> <!-- com.crm.autodesk.pom.TC_51_SearchLeadByClickingOnAnnualRevenueTestTestNG -->
    </test> <!-- Default test -->
  </suite> <!-- Default suite -->
</testng-results>
